2019-02-28 15:41:56 INFO  Siebel63HttpConnection:124 - -> main
2019-02-28 15:41:56 INFO  Config:27 - -> init()
2019-02-28 15:41:56 INFO  Config:49 - - Key=[siebel63.file.csv.file] -  Value=[CenariosSiebel63.csv]
2019-02-28 15:41:56 INFO  Config:49 - - Key=[siebel63.api.environment] -  Value=[TI8]
2019-02-28 15:41:56 INFO  Config:49 - - Key=[siebel63.api] -  Value=[framework/start.swe]
2019-02-28 15:41:56 INFO  Config:49 - - Key=[siebel63.server.local] -  Value=[http://localhost:8089/]
2019-02-28 15:41:56 INFO  Config:49 - - Key=[siebel63.server.trg] -  Value=[http://crmoihml07.oi.corp.net/]
2019-02-28 15:41:56 INFO  Config:49 - - Key=[siebel63.api.params] -  Value=[?SWEExtSource=OiFrmEAI&SWEExtCmd=Execute&UserName=pcsvitria&Password=vitpcs]
2019-02-28 15:41:56 INFO  Config:49 - - Key=[siebel63.file.xml.dir] -  Value=[src/main/resources/xml/]
2019-02-28 15:41:56 INFO  Config:49 - - Key=[siebel63.file.tmpl.dir] -  Value=[src/main/resources/tmpl/]
2019-02-28 15:41:56 INFO  Config:49 - - Key=[siebel63.server.ti8] -  Value=[http://crmoihml03.oi.corp.net/]
2019-02-28 15:41:56 INFO  Config:49 - - Key=[siebel63.file.tmp.dir] -  Value=[src/main/resources/tmp/]
2019-02-28 15:41:56 INFO  Config:49 - - Key=[siebel63.file.csv.dir] -  Value=[src/main/resources/csv/]
2019-02-28 15:41:56 INFO  Config:51 - <- init()
2019-02-28 15:41:56 INFO  Config:22 - -> getParam(String key=[siebel63.server.local]/val=[http://localhost:8089/])
2019-02-28 15:41:56 INFO  Config:22 - -> getParam(String key=[siebel63.api]/val=[framework/start.swe])
2019-02-28 15:41:56 INFO  Config:22 - -> getParam(String key=[siebel63.api.params]/val=[?SWEExtSource=OiFrmEAI&SWEExtCmd=Execute&UserName=pcsvitria&Password=vitpcs])
2019-02-28 15:41:56 INFO  Config:89 - -> readFile(FRMCASI.xml), kind=[tmp]
2019-02-28 15:41:56 INFO  Config:22 - -> getParam(String key=[siebel63.file.tmp.dir]/val=[src/main/resources/tmp/])
2019-02-28 15:41:56 INFO  Config:102 - dir=[src/main/resources/tmp/]
2019-02-28 15:41:56 INFO  Config:105 - file=[src\main\resources\tmp\FRMCASI.xml]
2019-02-28 15:41:56 INFO  Config:118 - content=[<SiebelMessage MessageId="" MessageType="Integration Object" IntObjectName="FRMCASI"><ListaConsultaMeioDeAcesso><Dados><OrigemRequisicao></OrigemRequisicao><ListaMeioDeAcesso><MeioDeAcesso><NumeroContaFatura>2626273094</NumeroContaFatura><DDD>21</DDD><Designacao>Varejo</Designacao><Classificacao>Normal</Classificacao></MeioDeAcesso></ListaMeioDeAcesso></Dados></ListaConsultaMeioDeAcesso></SiebelMessage>)
2019-02-28 15:41:56 INFO  Config:119 - <-- readFile(FRMCASI.xml), kind=[tmp]
2019-02-28 15:41:56 INFO  Siebel63HttpConnection:31 - -> post(p_url=[http://localhost:8089/framework/start.swe?SWEExtSource=OiFrmEAI&SWEExtCmd=Execute&UserName=pcsvitria&Password=vitpcs], content=[<SiebelMessage MessageId="" MessageType="Integration Object" IntObjectName="FRMCASI"><ListaConsultaMeioDeAcesso><Dados><OrigemRequisicao></OrigemRequisicao><ListaMeioDeAcesso><MeioDeAcesso><NumeroContaFatura>2626273094</NumeroContaFatura><DDD>21</DDD><Designacao>Varejo</Designacao><Classificacao>Normal</Classificacao></MeioDeAcesso></ListaMeioDeAcesso></Dados></ListaConsultaMeioDeAcesso></SiebelMessage>]
2019-02-28 15:41:56 INFO  Siebel63HttpConnection:36 - Content-Lenght=[406]
2019-02-28 15:41:56 INFO  Config:44 - -> writeFile(fileNeme=[FRMCASI-rsp.xml], content=[<SiebelMessage MessageId="" MessageType="Integration Object" IntObjectName="FRMCASO">   <ListaRetorno>      <Retorno>         <Codigo>0</Codigo>         <Mensagem/>         <ListaMeioDeAcesso>            <MeioDeAcesso>               <MSISDN>21911150884</MSISDN>            </MeioDeAcesso>            <MeioDeAcesso>               <MSISDN>21911150885</MSISDN>            </MeioDeAcesso>            <MeioDeAcesso>               <MSISDN>21911150886</MSISDN>            </MeioDeAcesso>            <MeioDeAcesso>               <MSISDN>21911150887</MSISDN>            </MeioDeAcesso>            <MeioDeAcesso>               <MSISDN>21911150888</MSISDN>            </MeioDeAcesso>         </ListaMeioDeAcesso>      </Retorno>   </ListaRetorno></SiebelMessage>]), kind=[tmp]
2019-02-28 15:41:56 INFO  Config:22 - -> getParam(String key=[siebel63.file.tmp.dir]/val=[src/main/resources/tmp/])
2019-02-28 15:41:56 INFO  Config:59 - dir=[src/main/resources/tmp/]
2019-02-28 15:41:56 INFO  Config:62 - file=[src\main\resources\tmp\FRMCASI-rsp.xml]
2019-02-28 15:41:56 INFO  Config:67 - Content wrote=[<SiebelMessage MessageId="" MessageType="Integration Object" IntObjectName="FRMCASO">   <ListaRetorno>      <Retorno>         <Codigo>0</Codigo>         <Mensagem/>         <ListaMeioDeAcesso>            <MeioDeAcesso>               <MSISDN>21911150884</MSISDN>            </MeioDeAcesso>            <MeioDeAcesso>               <MSISDN>21911150885</MSISDN>            </MeioDeAcesso>            <MeioDeAcesso>               <MSISDN>21911150886</MSISDN>            </MeioDeAcesso>            <MeioDeAcesso>               <MSISDN>21911150887</MSISDN>            </MeioDeAcesso>            <MeioDeAcesso>               <MSISDN>21911150888</MSISDN>            </MeioDeAcesso>         </ListaMeioDeAcesso>      </Retorno>   </ListaRetorno></SiebelMessage>]
2019-02-28 15:41:56 INFO  Config:85 - <- writeFile(fileNeme=[FRMCASI-rsp.xml], content=[<SiebelMessage MessageId="" MessageType="Integration Object" IntObjectName="FRMCASO">   <ListaRetorno>      <Retorno>         <Codigo>0</Codigo>         <Mensagem/>         <ListaMeioDeAcesso>            <MeioDeAcesso>               <MSISDN>21911150884</MSISDN>            </MeioDeAcesso>            <MeioDeAcesso>               <MSISDN>21911150885</MSISDN>            </MeioDeAcesso>            <MeioDeAcesso>               <MSISDN>21911150886</MSISDN>            </MeioDeAcesso>            <MeioDeAcesso>               <MSISDN>21911150887</MSISDN>            </MeioDeAcesso>            <MeioDeAcesso>               <MSISDN>21911150888</MSISDN>            </MeioDeAcesso>         </ListaMeioDeAcesso>      </Retorno>   </ListaRetorno></SiebelMessage>]), kind=[tmp]
2019-02-28 15:41:56 INFO  Siebel63HttpConnection:133 - url........=[http://localhost:8089/framework/start.swe?SWEExtSource=OiFrmEAI&SWEExtCmd=Execute&UserName=pcsvitria&Password=vitpcs]
2019-02-28 15:41:56 INFO  Siebel63HttpConnection:134 - content....=[<SiebelMessage MessageId="" MessageType="Integration Object" IntObjectName="FRMCASI"><ListaConsultaMeioDeAcesso><Dados><OrigemRequisicao></OrigemRequisicao><ListaMeioDeAcesso><MeioDeAcesso><NumeroContaFatura>2626273094</NumeroContaFatura><DDD>21</DDD><Designacao>Varejo</Designacao><Classificacao>Normal</Classificacao></MeioDeAcesso></ListaMeioDeAcesso></Dados></ListaConsultaMeioDeAcesso></SiebelMessage>]
2019-02-28 15:41:56 INFO  Siebel63HttpConnection:135 - response...=[<SiebelMessage MessageId="" MessageType="Integration Object" IntObjectName="FRMCASO">   <ListaRetorno>      <Retorno>         <Codigo>0</Codigo>         <Mensagem/>         <ListaMeioDeAcesso>            <MeioDeAcesso>               <MSISDN>21911150884</MSISDN>            </MeioDeAcesso>            <MeioDeAcesso>               <MSISDN>21911150885</MSISDN>            </MeioDeAcesso>            <MeioDeAcesso>               <MSISDN>21911150886</MSISDN>            </MeioDeAcesso>            <MeioDeAcesso>               <MSISDN>21911150887</MSISDN>            </MeioDeAcesso>            <MeioDeAcesso>               <MSISDN>21911150888</MSISDN>            </MeioDeAcesso>         </ListaMeioDeAcesso>      </Retorno>   </ListaRetorno></SiebelMessage>]
2019-02-28 15:41:56 INFO  Siebel63HttpConnection:136 - <- main
