2019-02-21 17:51:08 INFO  SiebelMessage:104 - file=[FRMCASI-rsp.xml]
2019-02-21 17:51:08 INFO  SiebelMessage:64 - -> createSiebelMessageBean(FRMCASI-rsp.xml)
2019-02-21 17:51:08 INFO  Config:27 - -> init()
2019-02-21 17:51:08 INFO  Config:49 - - Key=[siebel63.file.csv.file] -  Value=[CenariosSiebel63.csv]
2019-02-21 17:51:08 INFO  Config:49 - - Key=[siebel63.api.environment] -  Value=[TI8]
2019-02-21 17:51:08 INFO  Config:49 - - Key=[siebel63.api] -  Value=[framework/start.swe/]
2019-02-21 17:51:08 INFO  Config:49 - - Key=[siebel63.server.trg] -  Value=[http://crmoihml07.oi.corp.net/]
2019-02-21 17:51:08 INFO  Config:49 - - Key=[siebel63.api.params] -  Value=[?SWEExtSource=OiFrmEAI&SWEExtCmd=Execute&UserName=pcsvitria&Password=vitpcs]
2019-02-21 17:51:08 INFO  Config:49 - - Key=[siebel63.file.xml.dir] -  Value=[src/main/resources/xml/]
2019-02-21 17:51:08 INFO  Config:49 - - Key=[siebel63.file.tmpl.dir] -  Value=[src/main/resources/tmpl/]
2019-02-21 17:51:08 INFO  Config:49 - - Key=[siebel63.server.ti8] -  Value=[http://crmoihml03.oi.corp.net/]
2019-02-21 17:51:08 INFO  Config:49 - - Key=[siebel63.file.csv.dir] -  Value=[src/main/resources/csv/]
2019-02-21 17:51:08 INFO  Config:51 - <- init()
2019-02-21 17:51:08 INFO  Config:22 - -> getParam(String key=[siebel63.file.xml.dir]/val=[src/main/resources/xml/])
2019-02-21 17:51:08 INFO  SiebelMessage:72 - -> createSiebelMessageBean(FRMCASI-rsp.xml)
2019-02-21 17:51:08 INFO  SiebelMessage:76 - <- createSiebelMessageBean(br.com.mcb.inspector.siebel63.model.response.SiebelMessage@50cbc42f)
2019-02-21 17:51:08 INFO  SiebelMessage:67 - <- createSiebelMessageBean(FRMCASI-rsp.xml)
2019-02-21 17:51:08 INFO  SiebelMessage:106 - SiebelMessage.Codigo =[0]
2019-02-21 17:51:08 INFO  SiebelMessage:107 - SiebelMessage.Message=[xxxxxxxxxx]
2019-02-21 17:51:08 INFO  SiebelMessage:81 - -> toXML()
2019-02-21 17:51:08 INFO  SiebelMessage:94 - <- toXML()
2019-02-21 17:51:08 INFO  SiebelMessage:110 - smxml=[]
