2019-02-20 18:56:33 INFO  Config:22 - -> getParam(String key=[siebel63.file.xml.dir]/val=[src/main/resources/xml/])
2019-02-20 18:56:33 INFO  Config:36 - -> writeFile(fileNeme=[src/main/resources/xml/Response.xml], content=[<?xml version="1.0" encoding="ISO-8859-1"?><SiebelMessage
 MessageId=""
 MessageType="Integration Object"
 IntObjectName="FRMCASO">
<ListaRetorno>
<Retorno>
<Codigo>0</Codigo>
<Mensagem></Mensagem>
<ListaMeioDeAcesso>
<MeioDeAcesso>
<MSISDN>21911154735</MSISDN>
</MeioDeAcesso>
<MeioDeAcesso>
<MSISDN>21911154736</MSISDN>
</MeioDeAcesso>
<MeioDeAcesso>
<MSISDN>21911154737</MSISDN>
</MeioDeAcesso>
<MeioDeAcesso>
<MSISDN>21911154738</MSISDN>
</MeioDeAcesso>
<MeioDeAcesso>
<MSISDN>21911154739</MSISDN>
</MeioDeAcesso>
</ListaMeioDeAcesso>
</Retorno>
</ListaRetorno>
</SiebelMessage>
])
2019-02-20 18:56:33 INFO  Config:56 - <- writeFile()
2019-02-20 18:56:33 INFO  Config:91 - -> createSiebelMessageBean(ListaRetorno.xml)
2019-02-20 18:56:33 INFO  Config:95 - <- createSiebelMessageBean(br.com.mcb.inspector.siebel63.model.response.SiebelMessage@4c3e4790)
