2019-02-20 18:55:16 INFO  repo:112 - xxxxxxxxxxxxxx
2019-02-20 18:55:16 INFO  Inspector:114 - -> perform()
2019-02-20 18:55:16 INFO  Config:27 - -> init()
2019-02-20 18:55:16 INFO  Config:49 - - Key=[siebel63.file.csv.file] -  Value=[CenariosSiebel63.csv]
2019-02-20 18:55:16 INFO  Config:49 - - Key=[siebel63.api.environment] -  Value=[TI8]
2019-02-20 18:55:16 INFO  Config:49 - - Key=[siebel63.api] -  Value=[/framework/start.swe/]
2019-02-20 18:55:16 INFO  Config:49 - - Key=[siebel63.server.trg] -  Value=[http://crmoihml07.oi.corp.net/]
2019-02-20 18:55:16 INFO  Config:49 - - Key=[siebel63.api.params] -  Value=[?SWEExtSource=OiFrmEAI&SWEExtCmd=Execute&UserName=pcsvitria&Password=vitpcs]
2019-02-20 18:55:16 INFO  Config:49 - - Key=[siebel63.file.xml.dir] -  Value=[src/main/resources/xml/]
2019-02-20 18:55:16 INFO  Config:49 - - Key=[siebel63.file.tmpl.dir] -  Value=[src/main/resources/tmpl/]
2019-02-20 18:55:16 INFO  Config:49 - - Key=[siebel63.server.ti8] -  Value=[http://crmoihml03.oi.corp.net/]
2019-02-20 18:55:16 INFO  Config:49 - - Key=[siebel63.file.csv.dir] -  Value=[src/main/resources/csv/]
2019-02-20 18:55:16 INFO  Config:51 - <- init()
2019-02-20 18:55:16 INFO  Inspector:57 - -> loadConfigProperties()
2019-02-20 18:55:16 INFO  Config:22 - -> getParam(String key=[siebel63.api.environment]/val=[TI8])
2019-02-20 18:55:16 INFO  Config:22 - -> getParam(String key=[siebel63.server.ti8]/val=[http://crmoihml03.oi.corp.net/])
2019-02-20 18:55:16 INFO  Config:22 - -> getParam(String key=[siebel63.api]/val=[/framework/start.swe/])
2019-02-20 18:55:16 INFO  Config:22 - -> getParam(String key=[siebel63.api.params]/val=[?SWEExtSource=OiFrmEAI&SWEExtCmd=Execute&UserName=pcsvitria&Password=vitpcs])
2019-02-20 18:55:16 INFO  Inspector:63 - - Sending transactions to [TI8] = [http://crmoihml03.oi.corp.net//framework/start.swe/?SWEExtSource=OiFrmEAI&SWEExtCmd=Execute&UserName=pcsvitria&Password=vitpcs]
2019-02-20 18:55:16 INFO  Inspector:64 - <- loadConfigProperties()
2019-02-20 18:55:16 INFO  Config:60 - -> loadSiebelMessage(FRMCASI.xml)
2019-02-20 18:55:16 INFO  Config:22 - -> getParam(String key=[siebel63.file.xml.dir]/val=[src/main/resources/xml/])
2019-02-20 18:55:16 INFO  Config:63 - SiebelMessage XML File=[FRMCASI.xml]
2019-02-20 18:55:16 INFO  Config:76 - SiebelMessage=[<SiebelMessage MessageId="" MessageType="Integration Object" IntObjectName="FRMCASI"><ListaConsultaMeioDeAcesso><Dados><OrigemRequisicao></OrigemRequisicao><ListaMeioDeAcesso><MeioDeAcesso><NumeroContaFatura>2626273094</NumeroContaFatura><DDD>21</DDD><Designacao>Varejo</Designacao><Classificacao>Normal</Classificacao></MeioDeAcesso></ListaMeioDeAcesso></Dados></ListaConsultaMeioDeAcesso></SiebelMessage>)
2019-02-20 18:55:16 INFO  Config:77 - <- loadSiebelMessage(FRMCASI.xml)
2019-02-20 18:55:16 INFO  Inspector:124 - - url=[http://crmoihml03.oi.corp.net//framework/start.swe/?SWEExtSource=OiFrmEAI&SWEExtCmd=Execute&UserName=pcsvitria&Password=vitpcs]
